build/app/intermediates/manifest_merge_blame_file/release/manifest-merger-blame-release-report.txt
1<?xml version="1.0" encoding="utf-8"?>
2<manifest xmlns:android="http://schemas.android.com/apk/res/android"
3    package="com.example.mcglynns_food2go"
4    android:versionCode="1"
5    android:versionName="1.0.0" >
6
7    <uses-sdk
8        android:minSdkVersion="16"
8-->src/main/AndroidManifest.xml
9        android:targetSdkVersion="28" />
9-->src/main/AndroidManifest.xml
10    <!-- Required permission for App measurement to run. -->
11    <uses-permission android:name="android.permission.INTERNET" />
11-->[com.google.android.gms:play-services-measurement:17.2.0] AndroidManifest.xml:23:5-67
11-->[com.google.android.gms:play-services-measurement:17.2.0] AndroidManifest.xml:23:22-64
12    <uses-permission android:name="android.permission.ACCESS_NETWORK_STATE" />
12-->[com.google.android.gms:play-services-measurement:17.2.0] AndroidManifest.xml:24:5-79
12-->[com.google.android.gms:play-services-measurement:17.2.0] AndroidManifest.xml:24:22-76
13    <uses-permission android:name="android.permission.WAKE_LOCK" />
13-->[com.google.android.gms:play-services-measurement:17.2.0] AndroidManifest.xml:25:5-68
13-->[com.google.android.gms:play-services-measurement:17.2.0] AndroidManifest.xml:25:22-65
14    <uses-permission android:name="com.google.android.finsky.permission.BIND_GET_INSTALL_REFERRER_SERVICE" /> <!-- Required by older versions of Google Play services to create IID tokens -->
14-->[com.google.android.gms:play-services-measurement:17.2.0] AndroidManifest.xml:26:5-110
14-->[com.google.android.gms:play-services-measurement:17.2.0] AndroidManifest.xml:26:22-107
15    <uses-permission android:name="com.google.android.c2dm.permission.RECEIVE" />
15-->[com.google.firebase:firebase-iid:19.0.0] AndroidManifest.xml:26:5-82
15-->[com.google.firebase:firebase-iid:19.0.0] AndroidManifest.xml:26:22-79
16    <!--
17 io.flutter.app.FlutterApplication is an android.app.Application that
18         calls FlutterMain.startInitialization(this); in its onCreate method.
19         In most cases you can leave this as-is, but you if you want to provide
20         additional functionality it is fine to subclass or reimplement
21         FlutterApplication and put your custom class here.
22    -->
23    <application
23-->src/main/AndroidManifest.xml:9:5-32:19
24        android:name="io.flutter.app.FlutterApplication"
24-->src/main/AndroidManifest.xml:10:9-57
25        android:appComponentFactory="androidx.core.app.CoreComponentFactory"
25-->[androidx.core:core:1.0.0] AndroidManifest.xml:22:18-86
26        android:icon="@mipmap/ic_launcher"
26-->src/main/AndroidManifest.xml:12:9-43
27        android:label="mcglynns_food2go" >
27-->src/main/AndroidManifest.xml:11:9-41
28        <activity
28-->src/main/AndroidManifest.xml:13:9-31:20
29            android:name="com.example.mcglynns_food2go.MainActivity"
29-->src/main/AndroidManifest.xml:14:13-41
30            android:configChanges="orientation|keyboardHidden|keyboard|screenSize|locale|layoutDirection|fontScale|screenLayout|density|uiMode"
30-->src/main/AndroidManifest.xml:17:13-144
31            android:hardwareAccelerated="true"
31-->src/main/AndroidManifest.xml:18:13-47
32            android:launchMode="singleTop"
32-->src/main/AndroidManifest.xml:15:13-43
33            android:theme="@style/LaunchTheme"
33-->src/main/AndroidManifest.xml:16:13-47
34            android:windowSoftInputMode="adjustResize" >
34-->src/main/AndroidManifest.xml:19:13-55
35
36            <!--
37                 This keeps the window background of the activity showing
38                 until Flutter renders its first frame. It can be removed if
39                 there is no splash screen (such as the default splash screen
40                 defined in @style/LaunchTheme).
41            -->
42            <meta-data
42-->src/main/AndroidManifest.xml:24:13-26:40
43                android:name="io.flutter.app.android.SplashScreenUntilFirstFrame"
43-->src/main/AndroidManifest.xml:25:17-82
44                android:value="true" />
44-->src/main/AndroidManifest.xml:26:17-37
45
46            <intent-filter>
46-->src/main/AndroidManifest.xml:27:13-30:29
47                <action android:name="android.intent.action.MAIN" />
47-->src/main/AndroidManifest.xml:28:17-68
47-->src/main/AndroidManifest.xml:28:25-66
48
49                <category android:name="android.intent.category.LAUNCHER" />
49-->src/main/AndroidManifest.xml:29:17-76
49-->src/main/AndroidManifest.xml:29:27-74
50            </intent-filter>
51        </activity>
52        <activity
52-->[com.google.firebase:firebase-auth:19.1.0] AndroidManifest.xml:24:9-31:50
53            android:name="com.google.firebase.auth.internal.FederatedSignInActivity"
53-->[com.google.firebase:firebase-auth:19.1.0] AndroidManifest.xml:25:13-85
54            android:excludeFromRecents="true"
54-->[com.google.firebase:firebase-auth:19.1.0] AndroidManifest.xml:26:13-46
55            android:exported="true"
55-->[com.google.firebase:firebase-auth:19.1.0] AndroidManifest.xml:27:13-36
56            android:launchMode="singleTask"
56-->[com.google.firebase:firebase-auth:19.1.0] AndroidManifest.xml:28:13-44
57            android:permission="com.google.firebase.auth.api.gms.permission.LAUNCH_FEDERATED_SIGN_IN"
57-->[com.google.firebase:firebase-auth:19.1.0] AndroidManifest.xml:29:13-102
58            android:theme="@android:style/Theme.Translucent.NoTitleBar" />
58-->[com.google.firebase:firebase-auth:19.1.0] AndroidManifest.xml:30:13-72
59
60        <service
60-->[com.google.firebase:firebase-auth:19.1.0] AndroidManifest.xml:33:9-39:19
61            android:name="com.google.firebase.components.ComponentDiscoveryService"
61-->[com.google.firebase:firebase-auth:19.1.0] AndroidManifest.xml:34:13-84
62            android:exported="false" >
62-->[com.google.firebase:firebase-auth:19.1.0] AndroidManifest.xml:35:13-37
63            <meta-data
63-->[com.google.firebase:firebase-auth:19.1.0] AndroidManifest.xml:36:13-38:85
64                android:name="com.google.firebase.components:com.google.firebase.auth.FirebaseAuthRegistrar"
64-->[com.google.firebase:firebase-auth:19.1.0] AndroidManifest.xml:37:17-109
65                android:value="com.google.firebase.components.ComponentRegistrar" />
65-->[com.google.firebase:firebase-auth:19.1.0] AndroidManifest.xml:38:17-82
66            <meta-data
66-->[com.google.android.gms:play-services-measurement-api:17.2.0] AndroidManifest.xml:30:13-32:85
67                android:name="com.google.firebase.components:com.google.firebase.analytics.connector.internal.AnalyticsConnectorRegistrar"
67-->[com.google.android.gms:play-services-measurement-api:17.2.0] AndroidManifest.xml:31:17-139
68                android:value="com.google.firebase.components.ComponentRegistrar" />
68-->[com.google.android.gms:play-services-measurement-api:17.2.0] AndroidManifest.xml:32:17-82
69            <meta-data
69-->[com.google.firebase:firebase-iid:19.0.0] AndroidManifest.xml:32:13-34:85
70                android:name="com.google.firebase.components:com.google.firebase.iid.Registrar"
70-->[com.google.firebase:firebase-iid:19.0.0] AndroidManifest.xml:33:17-96
71                android:value="com.google.firebase.components.ComponentRegistrar" />
71-->[com.google.firebase:firebase-iid:19.0.0] AndroidManifest.xml:34:17-82
72        </service>
73
74        <receiver
74-->[com.google.android.gms:play-services-measurement:17.2.0] AndroidManifest.xml:29:9-33:20
75            android:name="com.google.android.gms.measurement.AppMeasurementReceiver"
75-->[com.google.android.gms:play-services-measurement:17.2.0] AndroidManifest.xml:30:13-85
76            android:enabled="true"
76-->[com.google.android.gms:play-services-measurement:17.2.0] AndroidManifest.xml:31:13-35
77            android:exported="false" >
77-->[com.google.android.gms:play-services-measurement:17.2.0] AndroidManifest.xml:32:13-37
78        </receiver>
79        <receiver
79-->[com.google.android.gms:play-services-measurement:17.2.0] AndroidManifest.xml:34:9-42:20
80            android:name="com.google.android.gms.measurement.AppMeasurementInstallReferrerReceiver"
80-->[com.google.android.gms:play-services-measurement:17.2.0] AndroidManifest.xml:35:13-100
81            android:enabled="true"
81-->[com.google.android.gms:play-services-measurement:17.2.0] AndroidManifest.xml:36:13-35
82            android:exported="true"
82-->[com.google.android.gms:play-services-measurement:17.2.0] AndroidManifest.xml:37:13-36
83            android:permission="android.permission.INSTALL_PACKAGES" >
83-->[com.google.android.gms:play-services-measurement:17.2.0] AndroidManifest.xml:38:13-69
84            <intent-filter>
84-->[com.google.android.gms:play-services-measurement:17.2.0] AndroidManifest.xml:39:13-41:29
85                <action android:name="com.android.vending.INSTALL_REFERRER" />
85-->[com.google.android.gms:play-services-measurement:17.2.0] AndroidManifest.xml:40:17-79
85-->[com.google.android.gms:play-services-measurement:17.2.0] AndroidManifest.xml:40:25-76
86            </intent-filter>
87        </receiver>
88
89        <service
89-->[com.google.android.gms:play-services-measurement:17.2.0] AndroidManifest.xml:44:9-47:40
90            android:name="com.google.android.gms.measurement.AppMeasurementService"
90-->[com.google.android.gms:play-services-measurement:17.2.0] AndroidManifest.xml:45:13-84
91            android:enabled="true"
91-->[com.google.android.gms:play-services-measurement:17.2.0] AndroidManifest.xml:46:13-35
92            android:exported="false" />
92-->[com.google.android.gms:play-services-measurement:17.2.0] AndroidManifest.xml:47:13-37
93        <service
93-->[com.google.android.gms:play-services-measurement:17.2.0] AndroidManifest.xml:48:9-52:72
94            android:name="com.google.android.gms.measurement.AppMeasurementJobService"
94-->[com.google.android.gms:play-services-measurement:17.2.0] AndroidManifest.xml:49:13-87
95            android:enabled="true"
95-->[com.google.android.gms:play-services-measurement:17.2.0] AndroidManifest.xml:50:13-35
96            android:exported="false"
96-->[com.google.android.gms:play-services-measurement:17.2.0] AndroidManifest.xml:51:13-37
97            android:permission="android.permission.BIND_JOB_SERVICE" />
97-->[com.google.android.gms:play-services-measurement:17.2.0] AndroidManifest.xml:52:13-69
98
99        <receiver
99-->[com.google.firebase:firebase-iid:19.0.0] AndroidManifest.xml:37:9-44:20
100            android:name="com.google.firebase.iid.FirebaseInstanceIdReceiver"
100-->[com.google.firebase:firebase-iid:19.0.0] AndroidManifest.xml:38:13-78
101            android:exported="true"
101-->[com.google.firebase:firebase-iid:19.0.0] AndroidManifest.xml:39:13-36
102            android:permission="com.google.android.c2dm.permission.SEND" >
102-->[com.google.firebase:firebase-iid:19.0.0] AndroidManifest.xml:40:13-73
103            <intent-filter>
103-->[com.google.firebase:firebase-iid:19.0.0] AndroidManifest.xml:41:13-43:29
104                <action android:name="com.google.android.c2dm.intent.RECEIVE" />
104-->[com.google.firebase:firebase-iid:19.0.0] AndroidManifest.xml:42:17-81
104-->[com.google.firebase:firebase-iid:19.0.0] AndroidManifest.xml:42:25-78
105            </intent-filter>
106        </receiver>
107
108        <activity
108-->[com.google.android.gms:play-services-base:17.1.0] AndroidManifest.xml:23:9-26:75
109            android:name="com.google.android.gms.common.api.GoogleApiActivity"
109-->[com.google.android.gms:play-services-base:17.1.0] AndroidManifest.xml:24:13-79
110            android:exported="false"
110-->[com.google.android.gms:play-services-base:17.1.0] AndroidManifest.xml:25:13-37
111            android:theme="@android:style/Theme.Translucent.NoTitleBar" />
111-->[com.google.android.gms:play-services-base:17.1.0] AndroidManifest.xml:26:13-72
112
113        <provider
113-->[com.google.firebase:firebase-common:19.0.0] AndroidManifest.xml:12:9-16:39
114            android:name="com.google.firebase.provider.FirebaseInitProvider"
114-->[com.google.firebase:firebase-common:19.0.0] AndroidManifest.xml:13:13-77
115            android:authorities="com.example.mcglynns_food2go.firebaseinitprovider"
115-->[com.google.firebase:firebase-common:19.0.0] AndroidManifest.xml:14:13-72
116            android:exported="false"
116-->[com.google.firebase:firebase-common:19.0.0] AndroidManifest.xml:15:13-37
117            android:initOrder="100" />
117-->[com.google.firebase:firebase-common:19.0.0] AndroidManifest.xml:16:13-36
118
119        <meta-data
119-->[com.google.android.gms:play-services-basement:17.0.0] AndroidManifest.xml:23:9-25:69
120            android:name="com.google.android.gms.version"
120-->[com.google.android.gms:play-services-basement:17.0.0] AndroidManifest.xml:24:13-58
121            android:value="@integer/google_play_services_version" />
121-->[com.google.android.gms:play-services-basement:17.0.0] AndroidManifest.xml:25:13-66
122    </application>
123
124</manifest>